<?xml version="1.0" encoding="utf-8"?><testsuites><testsuite name="pytest" errors="0" failures="0" skipped="0" tests="3" time="0.441" timestamp="2024-05-06T10:09:11.582119" hostname="bb0fc9f02937"><testcase classname="packaging-ml-model.tests.test_prediction" name="test_single_pred_not_none" time="0.007" /><testcase classname="packaging-ml-model.tests.test_prediction" name="test_single_pred_str_type" time="0.006" /><testcase classname="packaging-ml-model.tests.test_prediction" name="test_single_pred_validate" time="0.006" /></testsuite></testsuites>